[    0.000000] Initializing cgroup subsys cpuset
[    0.000000] Initializing cgroup subsys cpu
[    0.000000] Initializing cgroup subsys cpuacct
[    0.000000] Linux version 4.4.0-134-generic (buildd@lgw01-amd64-033) (gcc version 5.4.0 20160609 (Ubuntu 5.4.0-6ubuntu1~16.04.10) ) #160-Ubuntu SMP Wed Aug 15 14:58:00 UTC 2018 (Ubuntu 4.4.0-134.160-generic 4.4.140)
[    0.000000] Command line: BOOT_IMAGE=/boot/vmlinuz-4.4.0-134-generic root=LABEL=cloudimg-rootfs ro console=tty1 console=ttyS0
[    0.000000] KERNEL supported cpus:
[    0.000000]   Intel GenuineIntel
[    0.000000]   AMD AuthenticAMD
[    0.000000]   Centaur CentaurHauls
[    0.000000] x86/fpu: xstate_offset[2]:  576, xstate_sizes[2]:  256
[    0.000000] x86/fpu: Supporting XSAVE feature 0x01: 'x87 floating point registers'
[    0.000000] x86/fpu: Sporting XSAVE feature 0x02: 'SSE registers'
[    0.000000] x86/fpu: Supporting XSAVE feature 0x04: 'AVX registers'
[    0.000000] x86/fpu: Enabled xstate features 0x7, context size  82 bytes, using 'standard' format.
[  000000] e820: BIOS-provided physical RAM map:
[  0.000000] BIOS-e820: [mem 0x0000000000000000-0x000000000009fbff] usable
[    0.000000] BIOS-e820: [mem 0x000000000009fc00-x000000000009ffff] reserved
[  0.000000] BIOS-e820: [mem 0x00000000000f0000-0x00000000000fffff] reserved
[    0.000000] BIOS-e820: [em 0x0000000000100000-0x000000003ffeffff] usable
[    0.000000] BIOS-e820: [mem 0x000000003fff0000-0x000000003fffffff] ACPI data
[    0.000000] BIOS-e820: [mem 0x00000000fec00000-0x00000000fec00fff] reserved
[    0.000000] BIOS-e820: [mem 0x00000000fee00000-0x00000000fee00fff] reserved
[    0.000000] BIOS-e820: [mem 0x00000000fffc0000-0x00000000ffffffff] reserved
[    0.000000] NX (Execute Disable) protection: active
[    0.000000] SMBIOS 2.5 present.
[    0.000000] Hypervisor detected: KVM
[    0.000000] e820: last_pfn = 0x3fff0 max_arch_pfn = 0x400000000
[    0.000000] MTRR: Disabled
[    0.000000] x86/PAT: MTRRs disabled, skipping PAT initialization too.
[    0.000000] CPU MTRRs all blank - virtualized system.
[    0.000000] x86/PAT: Configuration [0-7]: WB  WT  UC- UC  WB  WT  UC- UC  
[    0.000000] found SMP MP-table at [mem 0x0009fff0-0x0009ffff] mapped at [ffff88000009fff0]
[    0.000000] Scanning 1 areas for low memory corruption
[    0.000000] RAMDISK: [mem 0x3630c000-0x3717dfff]
[    0.000000] ACPI: Early table checksum verification disabled
[    0.000000] ACPI: RSDP 0x00000000000E0000 000024 (v02 VBOX  )
[    0.000000] ACPI: XSDT 0x000000003FFF00 0003C (v01 VBOX   VBOXXSDT 00000001 ASL  00000061)
[    0.000000] ACPI: FACP 0x000000003FFF00F0 0000F4 (v04 VBOX   VBOXFACP 00000001 ASL  00000061)
[    0.000000] ACPI: DSDT 0x000000003FFF0470 0021FF (v02 VBOX   VBOXBIOS 00000002 INTL 20100528)
[    0.000000] ACPI: FACS 0x000000003FFF0200 000040
[    0.000000] ACPI: FACS 0x000000003FFF0200 000040
[    0.000000] ACPI: APIC 0x000000003FFF0240 00005C (v02 VBOX   VBOXAPIC 00000001 ASL  00000061)
[    0.000000] ACPI: SSDT 0x000000003FFF02A0 0001CC (v01 VBOX   VBOXCPUT 00000002 INTL 20100528)
[    0.000000] No NUMA configuration found
[    0.000000] Faking a node at [mem 0x0000000000000000-0x000000003ffeffff]
[    0.000000] NODE_DATA(0) allocated [mem 0x3ffeb000-0x3ffeffff]
[    0.000000] kvm-clock: Using msrs 4b564d01 and 4b564d00
[    0.000000] kvm-clock: cpu 0, msr 0:3ffe3001, primary cpu clock
[    0.000000] kvm-clock: using sched offset of 3770350469 cycles
[    0.000000] clocksource: kvm-clock: mask: 0xffffffffffffffff max_cycles: 0x1cd42e4dffb, max_idle_ns: 881590591483 ns
[    0.000000] Zone ranges:
[    0.000000]   DMA      [mem 0x0000000000001000-0x0000000000ffffff]
[    0.000000]   DMA32    [mem 0x0000000001000000-0x000000003ffeffff]
[    0.000000]   Normal   empty
[    0.000000]   Device   empty
[    0.000000] Movable zone start for each node
[    0.000000] Early memory node ranges
[    0.000000]   node   0: [mem 0x0000000000001000-0x000000000009efff]
[    0.000000]   node   0: [mem 0x0000000000100000-0x000000003ffeffff]
[    0.000000] Initmem setup node 0 [em 0x000000001000-0x000000003ffeffff]
[  0000000] ACPI: PM-Timer IO Port: 0x4008
[    0.000000] IOAPIC[0]: apic_id 2, version 32, address 0xfec00000, GSI 0-23
[    0.000000] ACPI: INT_SRC_OVR (bus 0 bus_irq 0 global_irq 2 dfl dfl)
[    0.000000] ACPI: INT_SRC_OVR (bus 0 bus_irq 9 global_irq 9 low level)
[    0.000000] Using ACPI ADT) for SMP configuration infortion
[  000000] smpboot: Allowing 2 CPUs, 0 hotplug CPUs
[    0.000000] PM: Registered nosave memory: [memx0000000-0x000fff]
[    0.000000] PM: Registered nosave memory: [mem 0x0009f000-0x0009ffff]
[    0.000000] PM: Registered nosave memory: [mem 000a0000-0x000effff]
[    0.000000] PM: Registered nosave memory: [mem 0x000f0000-0x000fffff]
[    0.000000] e820: [mem 0x40000000-0xfebfffff] available for PCI devices
[    0.000000] Booting paravirtualized kernel on KVM
[    0.000000] clocksource: refined-jiffies: mask: 0xffffffff max_cycles: 0xffffffff, max_idle_ns: 7645519600211568 ns
[    0.0000] etup_percpu: NR_CPUS:512 nr_cpumask_bits:512 nr_cpu_ids:2 nr_node_ids:1
[    0.000000] PERCPU: Embedded 34 pages/cpu @ffff88003fc00000 s99544 r8192 d31528 u1048576
[    0.000000] PV qspinlock hash table entries: 256 (order: 0, 4096 bytes)
[    0.000000] Built 1 zonelists in Node order, mobility grouping on.  Total pages: 257912
[    0.000000] Policy zone: DMA32
[  0000000] Kernel command line: BOOT_IMAGE=/boot/vmlinuz-4.4.0-134-generic root=LABEL=cloudimg-rootfs ro console=tty1 console=ttyS0
[    0.000000] PID hash table entries: 4096 (order: 3, 32768 bytes)
[    0.000000] Memory: 997724K/1048120K available (8554K kernel code, 1314K rwdata, 4004K rodata, 1516K init, 1316K bss, 50396K reserved, 0K cma-reserved)
[    0.000000] SLUB: HWalign=64, Order=0-3, MinObjects=0, CPUs=2, Nodes=1
[    0.000000] Kernel/User page tables isolation: enabled
[    0.000000] Hierarchical RCU implementation.
[    0.000000] 	Build-time adjustment of leaf fanout to 64.
[    0.000000] 	RCU restricting CPUs from NR_CPUS=512 to nr_cpu_ids=2.
[    0.000000] RCU: Adjusting geometry for rcu_fanout_leeaf=64, nr_cpu_ids=2
[    0.000000] NR_IRQS:33024 nr_irqs:440 16
[    0.000000] Console: colour VGA+ 80x25
[    0.000000] console [tty1] enabled
[    0.000000] console [ttyS0] enabled
[    0.000000] tsc: Detected 2591.998 MHz processor
[    0.895105] Calibrating delay loop (skipped) preset value.. 5183.99 BogoMIPS (lpj=10367992)
[  0896920] pid_max: default: 32768 minimum: 301
[    0.954320] ACPI: Core revision 20150930
[    0.962573] ACPI: 2 ACPI AML tables successfully acquired and loaded
[    0.963878] Security Framework initialized
[    0.964896] Yama: becoming mindful.
[    0.967440] AppArmor: AppArmor initialized
[    0.968402] Dentry cache hash table entries: 131072 (order: 8, 1048576 bytes)
[    0.971370] Inode-cache hash table entries: 65536 (order: 7, 524288 bytes)
[    0.972753] Mount-cache hash table entries: 2048 (order: 2, 16384 bytes)
[    0.974250] Mountpoint-cache hash table entries: 2048 (order: 2, 16384 bytes)
[    0.975902] Initializing cgroup subsys io
[    0.976845] Initializing cgroup subsys memory
[    0.977751] Initializing cgroup subsys devices
[    0.978665] Initializing cgroup subsys freezer
[    0.979571] Initializing cgroup subsys net_cls
[    0.980485] Initializing cgroup subsys perf_event
[    0.981506] Initializing cgroup subsys net_prio
[    0.982467] Initializing cgroup subsys hugetlb
[    0.983503] Initializing cgroup subsys pids
[    0.985618] mce: CPU supports 0 MCE banks
[    0.986475] Last level iTLB entries: 4KB 64, 2MB 8, 4MB 8
[    0.987523] Last level dTLB entries: 4KB 64, 2MB 0, 4MB 0, 1GB 4
[    0.988677] Spectre V2 : Mitigation: Full generic retpoline
[    0.989786] Spectre V2 : Speculation control IBPB not-supported IBRS not-supported
[    0.992622] Spectre V2 : Filling RSB on context switch
[    0.993966] Speculative Store Bypass: Vulnerable
[    0.997615] Freeing SMP alternatives memory: 32K
[    1.006902] ftrace: allocating 32266 entries in 127 pages
[    1.067672] smpboot: APIC(0) Converting physical 0 to logical package 0
[    1.082371] smpboot: Max logical packages: 1
[    1.108267] x2apic enabled
[    1.123799] Switched APIC routing to physical x2apic.
[    1.146118] ..TIMER: vector=0x30 apic1=0 pin1=2 apic2=-1 pin2=-1
[    1.262599] smpboot: CPU0: Intel(R) Core(TM) i7-6500U CPU @ 2.50GHz (family: 0x6, model: 0x4e, stepping: 0x3)
[    1.294198] Performance Events: unsupported p6 CPU model 78 no PMU driver, software events only.
[    1.302635] KVM setup paravirtual spinlock
[    1.312688] x86: Booting SMP configuration:
[    1.323852] .... node  #0, CPUs:      #1
[    1.325025] kvm-clock: cpu 1, msr 0:3ffe3041, secondary cpu clock
[    1.327102] mce: CPU supports 0 MCE banks
[    1.329685] x86: Booted up 1 node, 2 CPUs
[    1.356747] smpboot: Total of 2 processors activated (10367.99 BogoMIPS)
[    1.375741] devtmpfs: initialized
[    1.392377] evm: security.selinux
[    1.393247] evm: security.SMACK64
[    1.402632] evm: security.SMACK64EXEC
[    1.403484] evm: security.SMACK64TRANSMUTE
[    1.426877] evm: security.SMACK64MMAP
[    1.438830] evm: security.ima
[    1.446470] evm: security.capability
[    1.450483] clocksource: jiffies: mask: 0xffffffff max_cycles: 0xffffffff, max_idle_ns: 7645041785100000 ns
[    1.486796] futex hash table entries: 512 (order: 3, 32768 bytes)
[    1.491436] pinctrl core: initialized pinctrl subsystem
[    1.499116] RTC time:  0:57:05, date: 08/25/18
[    1.504306] NET: Registered protocol family 16
[    1.523157] cpuidle: using governor ladder
[    1.543601] cpuidle: using governor menu
[    1.544695] PCCT header not found.
[    1.545820] ACPI: bus type PCI registered
[    1.547088] acpiphp: ACPI Hot Plug PCI Controller Driver version: 0.5
[    1.554735] PCI: Using configuration type 1 for base access
[    1.567558] ACPI: Added _OSI(Module Device)
[    1.568537] ACPI: Added _OSI(Processor Device)
[    1.569690] ACPI: Added _OSI(3.0 _SCP Extensions)
[    1.570716] ACPI: Added _OSI(Processor Aggregator Device)
[    1.572505] ACPI: Executed 1 blocks of module-level executable AML code
[    1.576081] ACPI: Interpreter enabled
[    1.576967] ACPI: (supports S0 S5)
[    1.577827] ACPI: Using IOAPIC for interrupt routing
[    1.579049] PCI: Using host bridge windows from ACPI; if necessary, use "pci=nocrs" and report a bug
[    1.585685] ACPI: PCI Root Bridge [PCI0] (domain 0000 [bus 00-ff])
[    1.587048] acpi PNP0A03:00: _OSC: OS supports [ASPM ClockPM Segments MSI]
[    1.588517] acpi PNP0A03:00: _OSC: not requesting OS control; OS requires [ExtendedConfig ASPM ClockPM MSI]
[    1.590690] acpi PNP0A03:00: fail to add MMCONFIG information, can't access extended PCI configuration space under this bridge.
[    1.601383] PCI host bridge to bus 0000:00
[    1.602246] pci_bus 0000:00: root bus resource [io  0x0000-0x0cf7 window]
[    1.603576] pci_bus 0000:00: root bus resource [io  0x0d00-0xffff window]
[    1.604945] pci_bus 0000:00: root bus resource [mem 0x000a0000-0x000bffff window]
[    1.606682] pci_bus 0000:00: root bus resource [mem 0x40000000-0xfdffffff window]
[    1.614458] pci_bus 0000:00: root bus resource [bus 00-ff]
[    1.617132] pci 0000:00:01.1: legacy IDE quirk: reg 0x10: [io  0x01f0-0x01f7]
[    1.618473] pci 0000:00:01.1: legacy IDE quirk: reg 0x14: [io  0x03f6]
[    1.619756] pci 0000:00:01.1: legacy IDE quirk: reg 0x18: [io  0x0170-0x0177]
[    1.621093] pci 0000:00:01.1: legacy IDE quirk: reg 0x1c: [io  0x0376]
[    1.642125] pci 0000:00:07.0: quirk: [io  0x4000-0x403f] claimed by PIIX4 ACPI
[    1.660398] pci 0000:00:07.0: quirk: [io  0x4100-0x410f] claimed by PIIX4 SMB
[    1.668118] ACPI: PCI Interrupt Link [LNKA] (IRQs 5 9 10 *11)
[    1.670021] ACPI: PCI Interrupt Link [LNKB] (IRQs 5 9 *10 11)
[    1.671682] ACPI: PCI Interrupt Link [LNKC] (IRQs 5 *9 10 11)
[    1.673266] ACPI: PCI Interrupt Link [LNKD] (IRQs 5 9 10 *11)
[    1.681694] ACPI: Enabled 2 GPEs in block 00 to 07
[    1.683012] vgaarb: setting as boot device: PCI:0000:00:02.0
[    1.684048] vgaarb: device added: PCI:0000:00:02.0,decodes=io+mem,owns=io+mem,locks=none
[    1.687559] vgaarb: loaded
[    1.717817] vgaarb: bridge control possible 0000:00:02.0
[    1.747498] SCSI subsystem initialized
[    1.761517] ACPI: bus type USB registered
[    1.762484] usbcore: registered new interface driver usbfs
[    1.781683] usbcore: registered new interface driver hub
[    1.782886] usbcore: registered new device driver usb
[    1.828562] PCI: Using ACPI for IRQ routing
[    1.847305] NetLabel: Initializing
[    1.866621] NetLabel:  domain hash size = 128
[    1.892292] NetLabel:  protocols = UNLABELED CIPSOv4
[    1.893364] NetLabel:  unlabeled traffic allowed by default
[    1.903518] amd_nb: Cannot enumerate AMD northbridges
[    1.927610] clocksource: Switched to clocksource kvm-clock
[    1.936771] AppArmor: AppArmor Filesystem Enabled
[    1.937945] pnp: PnP ACPI init
[    1.939389] pnp: PnP ACPI: found 3 devices
[    1.950414] clocksource: acpi_pm: mask: 0xffffff max_cycles: 0xffffff, max_idle_ns: 2085701024 ns
[    1.952246] NET: Registered protocol family 2
[    1.953355] TCP established hash table entries: 8192 (order: 4, 65536 bytes)
[    1.954789] TCP bind hash table entries: 8192 (order: 5, 131072 bytes)
[    1.962668] TCP: Hash tables configured (established 8192 bind 8192)
[    1.963916] UDP hash table entries: 512 (order: 2, 16384 bytes)
[    1.965188] UDP-Lite hash table entries: 512 (order: 2, 16384 bytes)
[  1.966734] NET: Registered protocol family 1
[    2.017350] pci 0000:00:00.0: Limiting direct PCI/PCI transfers
[    2.018606] pci 0000:00:01.0: Activating ISA DMA hang workarounds
[    2.019920] Unpacking initramfs...

[    2.248582] Freeing initrd memory: 14792K
[    2.249741] platform rtc_cmos: registered platform RTC device (no PNP device found)
[    2.265348] Scanning for low memory corruption every 60 seconds
[    2.285117] audit: initializing netlink subsys (disabled)
[    2.315142] audit: type=2000 audit(1535158629.604:1): initialized
[    2.368649] Initialise system trusted keyring
[    2.390225] HugeTLB registered 2 MB page size, pre-allocated 0 pages
[    .488] ud loaded

[    2.591801] VFS: Disk quotas dquot_6.6.0
[    2.592768] VFS: Dquot-cache hash table entries: 512 (order 0, 4096 bytes)
[    2.594526] squashfs: version 4.0 (2009/01/31) Phillip Lougher
[    2.596122] fuse init (API version 7.23)
[    2.597193] Key type big_key registered
[    2.598082] Allocating IMA MOK and blacklist keyrings.
[    2.600468] Key type asymmetric registered
[    2.601400] Asymmetric key parser 'x509' registered
[    2.602460] Block layer SCSI generic (bsg) driver version 0.4 loaded (major 249)
[    2.619661] io scheduler noop registered
[    2.627424] io scheduler deadline registered (default)
[    2.628611] io scheduler cfq registered
[    2.632235] pci_hotplug: PCI Hot Plug PCI Core version: 0.5
[    2.633418] pciehp: PCI Express Hot Plug Controller Driver version: 0.4
[    2.634855] ACPI: AC Adapter [AC] (on-line)
[    2.635780] input: Power Button as /devices/LNXSYSTM:00/LNXPWRBN:00/input/input0
[    2.637328] ACPI: Power Button [PWRF]
[    2.638218] input: Sleep Button as /devices/LNXSYSTM:00/LNXSLPBN:00/input/input1
[    2.639716] ACPI: Sleep Button [SLPF]
[    2.640956] GHES: HEST is not enabled!
[    2.641553] ACPI: Battery Slot [BAT0] (battery present)
[    2.649282] Serial: 8250/16550 driver, 32 ports, IRQ sharing enabled
[    2.672630] 00:02: ttyS0 at I/O 0x3f8 (irq = 4, base_baud = 115200) is a 16550A
[    2.677209] Linux agpgart interface v0.103
[    2.679938] loop: module loaded
[    2.681243] scsi host0: ata_piix
[    2.682453] scsi host1: ata_piix
[    2.683257] ata1: PATA max UDMA/33 cmd 0x1f0 ctl 0x3f6 bmdma 0xd000 irq 14
[    2.684620] ata2: PATA max UDMA/33 cmd 0x170 ctl 0x376 bmdma 0xd008 irq 15
[    2.686088] libphy: Fixed MDIO Bus: probed
[    2.687031] tun: Universal TUN/TAP device driver, 1.6
[    2.688103] tun: (C) 1999-2004 Max Krasnyansky <maxk@qualcomm.com>
[    2.689423] PPP generic driver version 2.4.2
[    2.690523] ehci_hcd: USB 2.0 'Enhanced' Host Controller (EHCI) Driver
[    2.692000] ehci-pci: EHCI PCI platform driver
[    2.692969] ehci-platform: EHCI generic platform driver
[    2.694248] ohci_hcd: USB 1.1 'Open' Host Controller (OHCI) Driver
[    2.695769] ohci-pci: OHCI PCI platform driver
[    2.696767] ohci-platform: OHCI generic platform driver
[    2.697786] uhci_hcd: USB Universal Host Controller Interface driver
[    2.699056] i8042: PNP: PS/2 Controller [PNP0303:PS2K,PNP0f03:PS2M] at 0x60,0x64 irq 1,12
[    27054 serio: i8042 KBD port at 0x60,0x64 irq 1
[    2.798857] serio: i8042 AUX port at 0x60,0x64 irq 12

[    2.800176] mousedev: PS/2 mouse device common for all mice
[    2.801711] input: AT Translated Set 2 keyboard as /devices/platform/i8042/serio0/input/input2
[    2.804099] rtc_cmos rtc_cmos: rtc core: registered rtc_cmos as rtc0
[    2.805428] rtc_cmos rtc_cmos: alarms up to one day, 114 bytes nvram
[    2.806623] i2c /dev entries driver
[    2.807561] device-mapper: uevent: version 1.0.3
[    2.808731] device-mapper: ioctl: 4.34.0-ioctl (2015-10-28) initialised: dm-devel@redhat.com
[    2.810538] ledtrig-cpu: registered to indicate activity on CPUs
[    2.812233] NET: Registered protocol family 10
[    2.813477] NET: Registered protocol family 17
[    2.820627] Key type dns_resolver registered
[    2.821987] registered taskstats version 1
[    2.822864] Loading compiled-in X.509 certificates
[    2.824681] Loaded X.509 cert 'Build time autogenerated kernel key: 4eb3d024ac16f76c1747ffd474694c84db21038b'
[    2.826917] zswap: loaded using pool lzo/zbud
[    2.830095] Key type trusted registered
[    2.834649] Key type encrypted registered
[    2.837005] AppArmor: AppArmor sha1 policy hashing enabled
[    2.838356] ima: No TPM chip found, activating TPM-bypass!
[    2.839699] ima: Allocated hash algorithm: sha1
[    2.841343] evm: HMAC attrs: 0x1
[    2.842663]   Magic number: 14:330:962
[    2.843854] rtc_cmos rtc_cmos: setting system clock to 2018-08-25 00:57:06 UTC (1535158626)
[    2.846080] BIOS EDD facility v0.16 2004-Jun-25, 0 devices found
[    2.847496] EDD information not available.
[    2.850250] Freeing unused kernel memory: 1516K
[    2.859811] Write protecting the kernel read-only data: 14336k
[    2.861599] Freeing unused kernel memory: 1672K
[    2.862952] Freeing unused kernel memory: 92K
Loading, please wait...
starting version 229
[    2.876780] random: systemd-udevd: uninitialized urandom read (16 bytes read, 3 bits of entropy available)
[    2.877271] random: udevadm: uninitialized urandom read (16 bytes read, 3 bits of entropy available)
[    2.877310] random: udevadm: uninitialized urandom read (16 bytes read, 3 bits of entropy available)
[    2.886532] random: udevadm: uninitialized urandom read (16 bytes read, 3 bits of entropy available)
[    2.886580] random: udevadm: uninitialized urandom read (16 bytes read, 3 bits of entropy available)
[    2.886733] random: udevadm: uninitialized urandom read (16 bytes read, 3 bits of entropy available)
[    2.886786] random: udevadm: uninitialized urandom read (16 bytes read, 3 bits of entropy available)
[    2.886836] random: udevadm: uninitialized urandom read (16 bytes read, 3 bits of entropy available)
[    2.886888] random: udevadm: uninitialized urandom read (16 bytes read, 3 bits of entropy available)
[    2.886937] random: udevadm: uninitialized urandom read (16 bytes read, 3 bits of entropy available)
[    2.949218] Fusion MPT base driver 3.04.20
[    2.950340] Copyright (c) 1999-2008 LSI Corporation
[    2.951810] e1000: Intel(R) PRO/1000 Network Driver - version 7.3.21-k8-NAPI
[    2.953393] e1000: Copyright (c) 1999-2006 Intel Corporation.
[    2.965632] Fusion MPT SPI Host driver 3.04.20
[    2.980362] AVX2 version of gcm_enc/dec engaged.
[    2.982720] AES CTR mode by8 optimization enabled
[    3.164123] input: ImExPS/2 Generic Explorer Mouse as /devices/platform/i8042/serio1/input/input4
[    3.247640] tsc: Refined TSC clocksource calibration: 2591.075 MHz
[    3.248886] clocksource: tsc: mask: 0xffffffffffffffff max_cycles: 0x25594cf2fdc, max_idle_ns: 440795232446 ns
[    3.363060] e1000 0000:00:03.0 eth0: (PCI:33MHz:32-bit) 02:93:23:4d:82:b3
[    3.364824] e1000 0000:00:03.0 eth0: Intel(R) PRO/1000 Network Connection
[    3.368429] e1000 0000:00:03.0 enp0s3: renamed from eth0
[    3.369783] mptbase: ioc0: Initiating bringup
[    3.896126] ioc0: LSI53C1030 A0: Capabilities={Initiator}
[    4.989827] scsi host2: ioc0: LSI53C1030 A0, FwRev=00000000h, Ports=1, MaxQ=256, IRQ=20
[    5.634847] scsi 2:0:0:0: Direct-Access     VBOX     HARDDISK         1.0  PQ: 0 ANSI: 5
[    5.677125] scsi target2:0:0: Beginning Domain Validation
[    5.681043] scsi target2:0:0: Domain Validation skipping write tests
[    5.685356] scsi target2:0:0: Ending Domain Validation
[    5.707687] scsi target2:0:0: asynchronous
[    5.709364] scsi 2:0:1:0: Direct-Access     VBOX     HARDDISK         1.0  PQ: 0 ANSI: 5
[    6.005082] scsi target2:0:1: Beginning Domain Validation
[    6.041790] scsi target2:0:1: Domain Validation skipping write tests
[    6.043126] scsi target2:0:1: Ending Domain Validation
[    6.044311] scsi target2:0:1: asynchronous
[    6.068357] sd 2:0:0:0: Attached scsi generic sg0 type 0
[    6.069745] sd 2:0:0:0: [sda] 20971520 512-byte logical blocks: (10.7 GB/10.0 GiB)
[    6.092146] sd 2:0:1:0: Attached scsi generic sg1 type 0
[    6.099773] sd 2:0:1:0: [sdb] 20480 512-byte logical blocks: (10.5 MB/10.0 MiB)
[    6.177834] sd 2:0:0:0: [sda] Write Protect is off
[    6.186837] sd 2:0:1:0: [sdb] Write Protect is off
[    6.222017] sd 2:0:0:0: [sda] Incomplete mode parameter data
[    6.230682] sd 2:0:0:0: [sda] Assuming drive cache: write through
[    6.246414] sd 2:0:1:0: [sdb] Incomplete mode parameter data
[    6.247650] sd 2:0:1:0: [sdb] Assuming drive cache: write through
[    6.310394]  sda: sda1
[    6.312943] sd 2:0:0:0: [sda] Attached SCSI disk
[    6.389580] sd 2:0:1:0: [sdb] Attached SCSI disk
Begin: Loading e[    7.847315] md: linear personality registered for level -1
ssential drivers ... [    7.875774] md: multipath personality registered for level -4
[    7.879245] md: raid0 personality registered for level 0
[    7.882913] md: raid1 personality registered for level 1
[    7.951907] raid6: sse2x1   gen()  9862 MB/s
[    8.047762] raid6: sse2x1   xor()  7320 MB/s
[    8.116036] raid6: sse2x2   gen() 12222 MB/s
[    8.223772] raid6: sse2x2   xor()  8478 MB/s
[    8.291940] raid6: sse2x4   gen() 12939 MB/s
[    8.360145] raid6: sse2x4   xor()  8457 MB/s
[    8.428186] raid6: avx2x1   gen() 17029 MB/s
[    8.499867] raid6: avx2x2   gen() 21569 MB/s
[    8.615671] raid6: avx2x4   gen() 24044 MB/s
[    8.627647] raid6: using algorithm avx2x4 gen() 24044 MB/s
[    8.628865] raid6: using avx2x2 recovery algorithm
[    8.660196] xor: automatically using best checksumming function:
[    8.723624]    avx       : 21056.000 MB/sec
[    8.731834] async_tx: api initialized (async)
[    8.738977] md: raid6 personality registered for level 6
[    8.746086] md: raid5 personality registered for level 5
[    8.747173] md: raid4 personality registered for level 4
[    8.753591] md: raid10 personality registered for level 10
done.
Begin: Running /scripts/init-premount ... done.
Begin: Mounting root file system ... Begin: Running /scripts/local-top ... done.
Begin: Running /scripts/local-premount ... [    8.812222] Btrfs loaded
Scanning for Btrfs filesystems
done.
Warning: fsck not present, so skipping root file system
[    9.268811] EXT4-fs (sda1): mounted filesystem with ordered data mode. Opts: (null)
done.
Begin: Running /scripts/local-bottom ... done.
Begin: Running /scripts/init-bottom ... done.
[    9.642392] random: nonblocking pool is initialized
[    9.994050] systemd[1]: systemd 229 running in system mode. (+PAM +AUDIT +SELINUX +IMA +APPARMOR +SMACK +SYSVINIT +UTMP +LIBCRYPTSETUP +GCRYPT +GNUTLS +ACL +XZ -LZ4 +SECCOMP +BLKID +ELFUTILS +KMOD -IDN)
[    9.997746] systemd[1]: Detected virtualization oracle.
[    9.998851] systemd[1]: Detected architecture x86-64.

Welcome to [1mUbuntu 16.04.5 LTS[0m!

[   10.0537] systemd[1]: Set hostname to <ubuntu>.
[   10.143245] systemd[1]: Initializing machine ID from random generator.
[   10.144757] systemd[1]: Installed transient /etc/machine-id file.

[   11.349483] systemd[1]: Listening on udev Kernel Socket.
[[0;32m  OK  [0m] Listening on udev Kernel Socket.
[   11.352209] systemd[1]: Listening on Journal Socket (/dev/log).
[[0;32m  OK  [0m] Listening on Journal Socket (/dev/log).
[   11.354678] systemd[1]: Reached target System Ti Sncronized.

[[0;32m  OK  [0m] Reached target System Time Synchronized.
[   11.472485] systemd[1]: Listening on LVM2 poll daemon socket.
[[0;32m  OK  [0m] Listening on LVM2 poll daemon socket.
[   11.474899] systemd[1]: Listening on Device-mapper event daemon FIFOs.
[[0;32m  OK  [0m] Listening on Device-mapper event daemon FIFOs.
[   11.483423] systemd[1]: Set up automount Arbitrary Executable File Formats File System Automount Point.
[[0;32m  OK  [0m] Set up automount Arbitrary Executab...ats File System Automount Point.
[   11.496791] systemd[1]: Created slice System Slice.
[[0;32m  OK  [0m] Created slice System Slice.
[   11.501861] systemd[1]: Reached target User and Group Name Lookups.
[[0;32m  OK  [0m] Reached target User and Group Name Lookups.
[  1.556415] systemd[1]: Listening on LVM2 metadata daemon socket.

[[0;32m  OK  [0m] Listening on LVM2 metadata daemon socket.
[   11.606886] systemd[1]: Listening on Journal Audit Socket.
[[0;32m  OK  [0m] Listening on Journal Audit Socket.
[   11.637629] systemd[1]: Reached target Encrypted Volumes.
[[0;32m  OK  [0m] Reached target Encrypted Volumes.
[   11.640588] systemd[1]: Created slice User and Session Slice.
[[0;32m  OK  [0m] Created slice User and Session Slice.
[   11.643175] systemd[1]: Reached target Slices.
[[0;32m  OK  [0m] Reached target Slices.
[   11.645650] systemd[1]: Listening on udev Control Socket.
[[0;32m  OK  [0m] Listening on udev Control Socket.
[   11.654226] systemd[1]: Started Trigger resolvconf update for networkd DNS.
[[0;32m  OK  [0m] Started Trigger resolvconf update for networkd DNS.
[   11.657996] systemd[1]: Started Forward Password Requests to Wall Directory Watch.
[[0;32m  OK  [0m] Started Forward Password Requests to Wall Directory Watch.
[   11.669827] systemd[1]: Reached target Swap.
[[0;32m  OK  [0m] Reached target Swap.
[   11.683565] systemd[1]: Listening on /dev/initctl Compatibility Namedip.
[[0;32m  OK  [0m] Listening on /dev/initctl Compatibility Named Pipe.
[   11.800648] systemd[1]: Listening on Syslog Socket.
[[0;32m  OK  [0m] Listening on Syslog Socket.
[ 11868356] systemd[1]: Created slice stm-erial\x2dgetty.slice.

[[0;32m  OK  [0m] Created slice system-serial\x2dgetty.slice.
[   12.038953] systemd[1]: Listening on Journal Socket.
[[0;32m  OK  [0m] Listening on Journal Socket.
[   12.112834] systemd[1]: Starting Remount Root and Kernel File Systems...
         Starting Remount Root and Kernel File Systems...
[   12.178519] EXT4-fs (sda1): re-mounted. Opts: (null)
[   12.236019] systemd[1]: Mounting POSIX Message Queue File System...
         Mounting POSIX Message Queue File System...
[   12.239427] systemd[1]: Mounting Debug File System...
         Mounting Debug File System...
[   12.242113] systemd[1]: Starting Nameserver information manager...
         Starting Nameserver information manager...
[   12.287888] systemd[1]: Starting Monitoring of LVM2 mirrors, snapshots etc. using dmeventd or progress polling...
         Starting Monitoring of LVM2 mirrors... dmeventd or progress polling...
[   12.316014] systemd[1]: Starting Create list of required static device nodes for the current kernel...
         Starting Create list of required st... nodes for the current kernel...
[   12.436352] systemd[1]: Starting Set console keymap...
         Starting Set console keymap...
[   12.492644] systemd[1]: Starting Journal Service...
         Starting Journal Service...
[   12.541210] systemd[1]: Mounting Huge Pages File System...
         Mounting Huge Pages File System...
[   12.600464] systemd[1]: Starting Load Kernel Modules...
         Starting Load Kernel Modules...
[   12.644225] systemd[1]: Starting Uncomplicated firewall...
         Starting Uncomplicated firewall...
[   12.647988] systemd[1]: Mounted POSIX Message Queue File System.
[[0;32m  OK  [0m] Mounted POSIX Message Queue File System.
[   12.697100] systemd[1]: Mounted Debug File System.
[[0;32m  OK  [0m] Mounted Debug File System.
[   12.699206] systemd[1]: Mounted Huge Pages File System.
[[0;32m  OK  [0m] Mounted Huge Pages File System.
[   12.701557] systemd[1]: Started Journal Service.
[   12.710075] Loading iSCSI transport class v2.0-870.
[[0;32m  OK  [0m] Started Journal Service.
[[0;32m  OK  [0m] Started Remount Root and Kernel File Systems.
[[0;32m  OK  [0m] Started Create list of required sta...ce nodes for the current kernel.
[[0;32m  OK  [0m] Started Set console keymap.
[[0;32m  OK  [0m] Started Uncomplicated firewall.
[   12.795553] iscsi: registered transport (tcp)
[[0;32m  OK  [0m] Started Nameserver information manager.
[[0;32m  OK  [0m] Started LVM2 metadata daemon.
         Starting Create Static Device Nodes in /dev...
         Starting Load/Save Random Seed...
[   12.922977] iscsi: registered transport (iser)
         Starting udev Coldplug all Devices...
         Starting Flush Journal to Persistent Storage...
[[0;32m  OK  [0m] Started Load Kernel Modules.
[[0;32m  OK  [0m] Started Load/Save Random Seed.
[   13.079125] systemd-journald[389]: Received request to flush runtime journal from PID 1
[[0;32m  OK  [0m] Started udev Coldplug all Devices.
         Mounting FUSE Control File System...
         Starting Apply Kernel Variables...
[[0;32m  OK  [0m] Mounted FUSE Control File System.
[[0;32m  OK  [0m] Started Monitoring of LVM2 mirrors,...ng dmeventd or progress polling.
[[0;32m  OK  [0m] Started Flush Journal to Persistent Storage.
[[0;32m  OK  [0m] Started Apply Kernel Variables.
[[0;32m  OK  [0m] Started Create Static Device Nodes in /dev.
         Starting udev Kernel Device Manager...
[[0;32m  OK  [0m] Started udev Kernel Device Manager.
[[0;32m  OK  [0m] Started Dispatch Password Requests to Console Directory Watch.
[[0;32m  OK  [0m] Reached target Local File Systems (Pre).
[[0;32m  OK  [0m] Reached target Local File Systems.
         Starting Initial cloud-init job (pre-networking)...
         Starting Tell Plymouth To Write Out Runtime Data...
         Starting Create Volatile Files and Directories...
         Starting Set console font and keymap...
         Starting LSB: AppArmor initialization...
         Starting Commit a transient machine-id on disk...
[[0;32m  OK  [0m] Started Commit a transient machine-id on disk.
[[0;32m  OK  [0m] Started Tell Plymouth To Write Out Runtime Data.
[[0;32m  OK  [0m] Found device /dev/ttyS0.
[[0;32m  OK  [0m] Listening on Load/Save RF Kill Switch Status /dev/rfkill Watch.
[[0;32m  OK  [0m] Started Create Volatile Files and Directories.
         Starting Update UTMP about System Boot/Shutdown...
[[0;32m  OK  [0m] Started Update UTMP about System Boot/Shutdown.
[[0;32m  OK  [0m] Started LSB: AppArmor initialization.
[[0;32m  OK  [0m] Started Set console font and keymap.
[[0;32m  OK  [0m] Created slice system-getty.slice.
[   18.247524] cloud-init[476]: Cloud-init v. 18.3-9-g2e62cb8a-0ubuntu1~16.04.2 running 'init-local' at Sat, 25 Aug 2018 00:57:22 +0000. Up 17.72 seconds.
[[0;32m  OK  [0m] Started Initial cloud-init job (pre-networking).
[[0;32m  OK  [0m] Reached target Network (Pre).
         Starting Raise network interfaces...
[[0;32m  OK  [0m] Started Raise network interfaces.
[[0;32m  OK  [0m] Reached target Network.
         Starting Initial cloud-init job (metadata service crawler)...
[   22.210116] cloud-init[931]: Cloud-init v. 18.3-9-g2e62cb8a-0ubuntu1~16.04.2 running 'init' at Sat, 25 Aug 2018 00:57:24 +0000. Up 18.98 seconds.
[   22.213039] cloud-init[931]: ci-info: ++++++++++++++++++++++++++++++++++++++Net device info++++++++++++++++++++++++++++++++++++++
[   22.215044] cloud-init[931]: ci-info: +--------+------+----------------------------+---------------+--------+-------------------+
[   22.217035] cloud-init[931]: ci-info: | Device |  Up  |          Address           |      Mask     | Scope  |     Hw-Address    |
[   22.219062] cloud-init[931]: ci-info: +--------+------+----------------------------+---------------+--------+-------------------+
[   22.221076] cloud-init[931]: ci-info: | enp0s3 | True |         10.0.2.15          | 255.255.255.0 | global | 02:93:23:4d:82:b3 |
[   22.223114] cloud-init[931]: ci-info: | enp0s3 | True | fe80::93:23ff:fe4d:82b3/64 |       .       |  link  | 02:93:23:4d:82:b3 |
[   22.238325] cloud-init[931]: ci-info: |   lo   | True |         127.0.0.1          |   255.0.0.0   |  host  |         .         |
[   22.240323] cloud-init[931]: ci-info: |   lo   | True |          ::1/128           |       .       |  host  |         .         |
[   22.242327] cloud-init[931]: ci-info: +--------+------+----------------------------+---------------+--------+-------------------+
[[0;32m  OK  [0m] Started Initial cloud-init job (metadata service crawler).
[   22.319994] cloud-init[931]: ci-info: +++++++++++++++++++++++++++Route IPv4 info++++++++++++++++++++++++++++
[   22.424330] cloud-init[931]: ci-info: +-------+-------------+----------+---------------+-----------+-------+
[   22.426284] cloud-init[931]: ci-info: | Route | Destination | Gateway  |    Genmask    | Interface | Flags |
[   22.428048] cloud-init[931]: ci-info: +-------+-------------+----------+---------------+-----------+-------+
[[0;32m  OK  [0m] Reached target System Initialization.
[   22.432308] cloud-init[931]: ci-info: |   0   |   0.0.0.0   | 10.0.2.2 |    0.0.0.0    |   enp0s3  |   UG  |
[   22.435143] cloud-init[931]: ci-info: |   1   |   10.0.2.0  | 0.0.0.0  | 255.255.255.0 |   enp0s3  |   U   |
[   22.436917] cloud-init[931]: ci-info: +-------+-------------+----------+---------------+-----------+-------+
[   22.469149] cloud-init[931]: ci-info: +++++++++++++++++++Route IPv6 info+++++++++++++++++++
         Starting LXD - unix socket.
[   22.515236] cloud-init[931]: ci-info: +-------+-------------+---------+-----------+-------+
[   22.516274] cloud-init[931]: ci-info: | Route | Destination | Gateway | Interface | Flags |
[   22.516434] cloud-init[931]: ci-info: +-------+-------------+---------+-----------+-------+
[   22.516603] cloud-init[931]: ci-info: |   0   |  fe80::/64  |    ::   |   enp0s3  |   U   |
[   22.516646] cloud-init[931]: ci-info: |   3   |   ff00::/8  |    ::   |   enp0s3  |   U   |
[   22.516686] cloud-init[931]: ci-info: +-------+-------------+---------+-----------+-------+
[   22.516763] cloud-init[931]: Generating public/private rsa key pair.
[   22.516808] cloud-init[931]: Your identification has been saved in /etc/ssh/ssh_host_rsa_key.
[   22.516848] cloud-init[931]: Your public key has been saved in /etc/ssh/ssh_host_rsa_key.pub.
[   22.516888] cloud-init[931]: The key fingerprint is:
[   22.516930] cloud-init[931]: SHA256:nvHQwQZfOWy2PAZwLyY+hyo3Axp1ckrkJ/+Go3KcJks root@ubuntu-xenial
[   22.516971] cloud-init[931]: The key's randomart image is:
[   22.517011] cloud-init[931]: +---[RSA 2048]----+
[   22.517052] cloud-init[931]: |    .   o.....   |
[   22.517092] cloud-init[931]: |   o     =.o*    |
[   22.517133] cloud-init[931]: |    * + . B=.o   |
[   22.517179] cloud-init[931]: |   o O . * o=    |
[   22.517219] cloud-init[931]: |  . o . S o. .   |
[   22.517262] cloud-init[931]: |   o . = B       |
[   22.517301] cloud-init[931]: |  E...B = .      |
[   22.517357] cloud-init[931]: | .o =+ =         |
[   22.517398] cloud-init[931]: |  .*.            |
[   22.517519] cloud-init[931]: +----[SHA256]-----+
[   22.517563] cloud-init[931]: Generating public/private dsa key pair.
[   22.517610] cloud-init[931]: Your identification has been saved in /etc/ssh/ssh_host_dsa_key.
[   22.517651] cloud-init[931]: Your public key has been saved in /etc/ssh/ssh_host_dsa_key.pub.
[   22.517694] cloud-init[931]: The key fingerprint is:
[   22.517736] cloud-init[931]: SHA256:cR151mkSNyIivzohcXlneF4hm7nd+g7LZpIbTtG1Lj0 root@ubuntu-xenial
[   22.517780] cloud-init[931]: The key's randomart image is:
[   22.517821] cloud-init[931]: +---[DSA 1024]----+
[   22.517862] cloud-init[931]: |       . . o.=.+.|
[   22.517904] cloud-init[931]: |        + o.Bo*oo|
[   22.517947] cloud-init[931]: |     . o.+.B.+o. |
[   22.517989] cloud-init[931]: |      o .o* = o .|
[   22.518030] cloud-init[931]: |     . .S. + o o |
[   22.518072] cloud-init[931]: |      . o   . +  |
[   22.518117] cloud-init[931]: |       o   o.+ E |
[   22.518158] cloud-init[931]: |        . oooo= .|
[   22.518199] cloud-init[931]: |           o=o.o |
[   22.518242] cloud-init[931]: +----[SHA256]-----+
[   22.518282] cloud-init[931]: Generating public/private ecdsa key pair.
[   22.518317] cloud-init[931]: Your identification has been saved in /etc/ssh/ssh_host_ecdsa_key.
[   22.518348] cloud-init[931]: Your public key has been saved in /etc/ssh/ssh_host_ecdsa_key.pub.
[   22.518378] cloud-init[931]: The key fingerprint is:
[   22.518449] cloud-init[931]: SHA256:DmZff18EhNLcKs625Ghhlpdu7EzR73T3VlHykEfrQsc root@ubuntu-xenial
[   22.518480] cloud-init[931]: The key's randomart image is:
[   22.518509] cloud-init[931]: +---[ECDSA 256]---+
[   22.518540] cloud-init[931]: |           o o.o.|
[   22.518571] cloud-init[931]: |          . +.* +|
[   22.518601] cloud-init[931]: |           . o.E.|
[   22.518630] cloud-init[931]: |          ..o oo.|
[   22.518659] cloud-init[931]: |      + S+oo.. .o|
[   22.518688] cloud-init[931]: |     o +=.Bo ....|
[   22.518717] cloud-init[931]: |       ooX... + =|
[   22.518749] cloud-init[931]: |        oo*  + o=|
[   22.518778] cloud-init[931]: |       . oo   ..o|
[   22.518807] cloud-init[931]: +----[SHA256]-----+
[   22.518837] cloud-init[931]: Generating public/private ed25519 key pair.
[   22.518866] cloud-init[931]: Your identification has been saved in /etc/ssh/ssh_host_ed25519_key.
[   22.518895] cloud-init[931]: Your public key has been saved in /etc/ssh/ssh_host_ed25519_key.pub.
[   22.518929] cloud-init[931]: The key fingerprint is:[[0;32m  OK  [0m] Listening on UUID daemon activation socket.
[[0;32m  OK  [0m] Started Daily apt download activities.
[[0;32m  OK  [0m] Started Daily apt upgrade and clean activities.
[[0;32m  OK  [0m] Listening on D-Bus System Message Bus Socket.
         Starting Socket activation for snappy daemon.

[   22.700342] cloud-init[931]: SHA256:wPo+E5rUQk+ZAuqQ+JKIh+SrtX4Zz95rM2Zqy0lij3g root@ubuntu-xenial
[   22.702021] cloud-init[931]: The key's randomart image is:
[   22.703150] cloud-init[931]: +--[ED25519 256]--+
[   22.704359] cloud-init[931]: |                 |
[   22.708118] cloud-init[931]: |  .  .           |
[   22.708205] cloud-init[931]: |.o .  oo         |
[   22.708405] cloud-init[931]: |=.  o.+.         |
[   22.708584] cloud-init[931]: |B+ ..=  S        |
[   22.708754] cloud-init[931]: |*oo +.+          |
[   22.708910] cloud-init[931]: | oo.oOo.         |
[   22.709093] cloud-init[931]: | o +EB*o*        |
[   22.709492] cloud-init[931]: |o.+o.oOOo+       |
[   22.709640] cloud-init[931]: +----[SHA256]-----+
[[0;32m  OK  [0m] Started ACPI Events Check.
[[0;32m  OK  [0m] Reached target Paths.
[[0;32m  OK  [0m] Listening on ACPID Listen Socket.
[[0;32m  OK  [0m] Started Daily Cleanup of Temporary Directories.
[[0;32m  OK  [0m] Reached target Timers.
[[0;32m  OK  [0m] Reached target Cloud-config availability.
[[0;32m  OK  [0m] Reached target Network is Online.
         Starting iSCSI initiator daemon (iscsid)...
[[0;32m  OK  [0m] Listening on LXD - unix socket.
[[0;32m  OK  [0m] Listening on Socket activation for snappy daemon.
[[0;32m  OK  [0m] Reached target Sockets.
[[0;32m  OK  [0m] Reached target Basic System.
[[0;32m  OK  [0m] Started Deferred execution scheduler.
         Starting LSB: Record successful boot for GRUB...
[[0;32m  OK  [0m] Started Regular background program processing daemon.
         Starting Accounts Service...
[[0;32m  OK  [0m] Started ACPI event daemon.
         Starting /etc/rc.local Compatibility...
[[0;32m  OK  [0m] Started FUSE filesystem for LXC.
         Starting LSB: MD monitoring daemon...
         Starting Pollinate to seed the pseudo random number generator...
[[0;32m  OK  [0m] Started Unattended Upgrades Shutdown.
         Starting Login Service...
[[0;32m  OK  [0m] Started D-Bus System Message Bus.
         Starting System Logging Service...
         Starting Snappy daemon...
         Starting Virtualbox guest utils...
         Starting LXD - container startup/shutdown...
[[0;32m  OK  [0m] Started /etc/rc.local Compatibility.
[[0;32m  OK  [0m] Started Login Service.
[[0;32m  OK  [0m] Started iSCSI initiator daemon (iscsid).
         Starting Login to default iSCSI targets...
         Starting Authenticate and Authorize Users to Run Privileged Tasks...
[[0;32m  OK  [0m] Started LSB: Record successful boot for GRUB.
[[0;32m  OK  [0m] Started LSB: MD monitoring daemon.
[[0;32m  OK  [0m] Started Login to default iSCSI targets.
[[0;32m  OK  [0m] Reached target Remote File Systems (Pre).
[[0;32m  OK  [0m] Reached target Remote File Systems.
         Starting LSB: daemon to balance interrupts for SMP systems...
         Starting Permit User Sessions...
         Starting LSB: automatic crash report generation...
         Starting LSB: Set the CPU Frequency Scaling governor to "ondemand"...
[[0;32m  OK  [0m] Started LSB: Set the CPU Frequency Scaling governor to "ondemand".
[[0;32m  OK  [0m] Started Permit User Sessions.
         Starting Terminate Plymouth Boot Screen...
         Starting Hold until boot process finishes up...
[[0;32m  OK  [0m] Started System Logging Service.
[[0;32m  OK  [0m] Started Virtualbox guest utils.
[[0;32m  OK  [0m] Started Hold until boot process finishes up.
[[0;32m  OK  [0m] Started Terminate Plymouth Boot Screen.
[[0;32m  OK  [0m] Started Serial Getty on ttyS0.
         Starting Set console scheme...
[[0;32m  OK  [0m] Started Getty on tty1.
[[0;32m  OK  [0m] Reached target Login Prompts.
[[0;32m  OK  [0m] Started Authenticate and Authorize Users to Run Privileged Tasks.
[[0;32m  OK  [0m] Started Accounts Service.
[[0;32m  OK  [0m] Started Set console scheme.
[[0;32m  OK  [0m] Started LSB: automatic crash report generation.
[[0;32m  OK  [0m] Started LSB: daemon to balance interrupts for SMP systems.
[[0;32m  OK  [0m] Started Pollinate to seed the pseudo random number generator.
         Starting OpenBSD Secure Shell server...
[[0;32m  OK  [0m] Started LXD - container startup/shutdown.
[[0;32m  OK  [0m] Started OpenBSD Secure Shell server.
[[0;32m  OK  [0m] Started Snappy daemon.
         Starting Wait until snapd is fully seeded...

Ubuntu 16.04.5 LTS ubuntu-xenial ttyS0

ubuntu-xenial login: [   35.670281] cloud-init[1429]: Generating locales (this might take a while)...
[   36.955111] cloud-init[1429]:   en_US.UTF-8... done
[   36.956202] cloud-init[1429]: Generation complete.
[   37.989141] cloud-init[1429]: Cloud-init v. 18.3-9-g2e62cb8a-0ubuntu1~16.04.2 running 'modules:config' at Sat, 25 Aug 2018 00:57:40 +0000. Up 35.42 seconds.
ci-info: no authorized ssh keys fingerprints found for user ubuntu.
<14>Aug 25 00:57:43 ec2: 
<14>Aug 25 00:57:43 ec2: #############################################################
<14>Aug 25 00:57:43 ec2: -----BEGIN SSH HOST KEY FINGERPRINTS-----
<14>Aug 25 00:57:43 ec2: 1024 SHA256:cR151mkSNyIivzohcXlneF4hm7nd+g7LZpIbTtG1Lj0 root@ubuntu-xenial (DSA)
<14>Aug 25 00:57:43 ec2: 256 SHA256:DmZff18EhNLcKs625Ghhlpdu7EzR73T3VlHykEfrQsc root@ubuntu-xenial (ECDSA)
<14>Aug 25 00:57:43 ec2: 256 SHA256:wPo+E5rUQk+ZAuqQ+JKIh+SrtX4Zz95rM2Zqy0lij3g root@ubuntu-xenial (ED25519)
<14>Aug 25 00:57:43 ec2: 2048 SHA256:nvHQwQZfOWy2PAZwLyY+hyo3Axp1ckrkJ/+Go3KcJks root@ubuntu-xenial (RSA)
<14>Aug 25 00:57:43 ec2: -----END SSH HOST KEY FINGERPRINTS-----
<14>Aug 25 00:57:43 ec2: #############################################################
-----BEGIN SSH HOST KEY KEYS-----
ecdsa-sha2-nistp256 AAAAE2VjZHNhLXNoYTItbmlzdHAyNTYAAAAIbmlzdHAyNTYAAABBBDT6XdwCMNwR3lbpIPXDtawy/1EmoSNBa6VyuyYSxneKn34+WDBt5sbGake0oDhhp5cHpUrqMxNsejdtDBSPsag= root@ubuntu-xenial
ssh-ed25519 AAAAC3NzaC1lZDI1NTE5AAAAILlY6fDaF5IatmJ4FwYjrCHKyblRmrwcnJ+L1D5+A1ci root@ubuntu-xenial
ssh-rsa AAAAB3NzaC1yc2EAAAADAQABAAABAQDGl+X5ZXFxut3JUTm7TobEpAVJbi1Gwft24eNdS/qHXiNJK3Hqv205D5x3En6Ej8dCzAQobp75DQiHYCALMDD8e0lb9XnjKKgDlDNODE0PmBYmiYSAEpCdKsDowRCt0MmXPUw/M4dcAlKWEIhNHV99cTjieVG81aNwX8AhBKpCPm9QEpt1B2CzeWiwFvLSX4kK/vmkZbBb6X9xZrF1PEpJU1AH3Q+yBFNu9Ri7uAk19n7ihGyxGauqDwuBMO/FslYoHHi2vQ8DdUaJDFS502CtiLUnOKEzXBc9TbM+3hXJfDUDBJz2hPTZzgAdKWq0p6QBWRKrtqD3hniypp0w8wBz root@ubuntu-xenial
-----END SSH HOST KEY KEYS-----
[   38.536323] cloud-init[1552]: Cloud-init v. 18.3-9-g2e62cb8a-0ubuntu1~16.04.2 running 'modules:final' at Sat, 25 Aug 2018 00:57:43 +0000. Up 38.25 seconds.
[   38.536487] cloud-init[1552]: ci-info: no authorized ssh keys fingerprints found for user ubuntu.
[   38.536585] cloud-init[1552]: Cloud-init v. 18.3-9-g2e62cb8a-0ubuntu1~16.04.2 finished at Sat, 25 Aug 2018 00:57:43 +0000. Datasource DataSourceNoCloud [seed=/dev/sdb][dsmode=net].  Up 38.53 seconds
